#
# There is insufficient memory for the Java Runtime Environment to continue.
# Native memory allocation (mmap) failed to map 156237824 bytes for committing reserved memory.
# Possible reasons:
#   The system is out of physical RAM or swap space
#   In 32 bit mode, the process size limit was hit
# Possible solutions:
#   Reduce memory load on the system
#   Increase physical memory or swap space
#   Check if swap backing store is full
#   Use 64 bit Java on a 64 bit OS
#   Decrease Java heap size (-Xmx/-Xms)
#   Decrease number of Java threads
#   Decrease Java thread stack sizes (-Xss)
#   Set larger code cache with -XX:ReservedCodeCacheSize=
# This output file may be truncated or incomplete.
#
#  Out of Memory Error (os_linux.cpp:2640), pid=10117, tid=0x00007f30f66cd700
#
# JRE version: Java(TM) SE Runtime Environment (8.0_131-b11) (build 1.8.0_131-b11)
# Java VM: Java HotSpot(TM) 64-Bit Server VM (25.131-b11 mixed mode linux-amd64 compressed oops)
# Failed to write core dump. Core dumps have been disabled. To enable core dumping, try "ulimit -c unlimited" before starting Java again
#

---------------  T H R E A D  ---------------

Current thread (0x00007f310c141000):  VMThread [stack: 0x00007f30f65cd000,0x00007f30f66ce000] [id=10133]

Stack: [0x00007f30f65cd000,0x00007f30f66ce000],  sp=0x00007f30f66cc2a0,  free space=1020k
Native frames: (J=compiled Java code, j=interpreted, Vv=VM code, C=native code)
V  [libjvm.so+0xac826a]  VMError::report_and_die()+0x2ba
V  [libjvm.so+0x4fd4cb]  report_vm_out_of_memory(char const*, int, unsigned long, VMErrorType, char const*)+0x8b
V  [libjvm.so+0x924f53]  os::Linux::commit_memory_impl(char*, unsigned long, bool)+0x103
V  [libjvm.so+0x9254a9]  os::pd_commit_memory(char*, unsigned long, unsigned long, bool)+0x29
V  [libjvm.so+0x91f6ca]  os::commit_memory(char*, unsigned long, unsigned long, bool)+0x2a
V  [libjvm.so+0x9941e3]  PSVirtualSpace::expand_by(unsigned long)+0x53
V  [libjvm.so+0x9955e8]  PSYoungGen::resize_generation(unsigned long, unsigned long)+0xf8
V  [libjvm.so+0x994742]  PSYoungGen::resize(unsigned long, unsigned long)+0x22
V  [libjvm.so+0x991a1b]  PSScavenge::invoke_no_policy()+0xf3b
V  [libjvm.so+0x9921a1]  PSScavenge::invoke()+0x41
V  [libjvm.so+0x948f00]  ParallelScavengeHeap::failed_mem_allocate(unsigned long)+0x70
V  [libjvm.so+0xac9c87]  VM_ParallelGCFailedAllocation::doit()+0x97
V  [libjvm.so+0xad1765]  VM_Operation::evaluate()+0x55
V  [libjvm.so+0xacfb3a]  VMThread::evaluate_operation(VM_Operation*)+0xba
V  [libjvm.so+0xacfebe]  VMThread::loop()+0x1ce
V  [libjvm.so+0xad0330]  VMThread::run()+0x70
V  [libjvm.so+0x927568]  java_start(Thread*)+0x108

VM_Operation (0x00007f3113195150): ParallelGCFailedAllocation, mode: safepoint, requested by thread 0x00007f310c00c000


---------------  P R O C E S S  ---------------

Java Threads: ( => current thread )
  0x00007f310c1d5800 JavaThread "Service Thread" daemon [_thread_blocked, id=10150, stack(0x00007f30f5969000,0x00007f30f5a6a000)]
  0x00007f310c1b9000 JavaThread "C1 CompilerThread2" daemon [_thread_blocked, id=10149, stack(0x00007f30f5a6a000,0x00007f30f5b6b000)]
  0x00007f310c1b3000 JavaThread "C2 CompilerThread1" daemon [_thread_blocked, id=10148, stack(0x00007f30f5b6b000,0x00007f30f5c6c000)]
  0x00007f310c1b1000 JavaThread "C2 CompilerThread0" daemon [_thread_blocked, id=10147, stack(0x00007f30f5c6c000,0x00007f30f5d6d000)]
  0x00007f310c1a0000 JavaThread "Monitor Ctrl-Break" daemon [_thread_in_native, id=10146, stack(0x00007f30f5d6d000,0x00007f30f5e6e000)]
  0x00007f310c181000 JavaThread "Signal Dispatcher" daemon [_thread_blocked, id=10145, stack(0x00007f30f5e6e000,0x00007f30f5f6f000)]
  0x00007f310c14d000 JavaThread "Finalizer" daemon [_thread_blocked, id=10137, stack(0x00007f30f63cb000,0x00007f30f64cc000)]
  0x00007f310c148800 JavaThread "Reference Handler" daemon [_thread_blocked, id=10136, stack(0x00007f30f64cc000,0x00007f30f65cd000)]
  0x00007f310c00c000 JavaThread "main" [_thread_blocked, id=10118, stack(0x00007f3113097000,0x00007f3113198000)]

Other Threads:
=>0x00007f310c141000 VMThread [stack: 0x00007f30f65cd000,0x00007f30f66ce000] [id=10133]
  0x00007f310c1da800 WatcherThread [stack: 0x00007f30f5350000,0x00007f30f5451000] [id=10151]

VM state:at safepoint (normal execution)

VM Mutex/Monitor currently owned by a thread:  ([mutex/lock_event])
[0x00007f310c0082b0] Threads_lock - owner thread: 0x00007f310c141000
[0x00007f310c0087b0] Heap_lock - owner thread: 0x00007f310c00c000

Heap:
 PSYoungGen      total 256512K, used 0K [0x00000000d7000000, 0x00000000e6d00000, 0x0000000100000000)
  eden space 253952K, 0% used [0x00000000d7000000,0x00000000d7000000,0x00000000e6800000)
  from space 2560K, 0% used [0x00000000e6800000,0x00000000e6800000,0x00000000e6a80000)
  to   space 2560K, 0% used [0x00000000e6a80000,0x00000000e6a80000,0x00000000e6d00000)
 ParOldGen       total 84992K, used 1148K [0x0000000085000000, 0x000000008a300000, 0x00000000d7000000)
  object space 84992K, 1% used [0x0000000085000000,0x000000008511f080,0x000000008a300000)
 Metaspace       used 6833K, capacity 7386K, committed 7552K, reserved 1056768K
  class space    used 858K, capacity 1025K, committed 1152K, reserved 1048576K

Card table byte_map: [0x00007f30fc867000,0x00007f30fcc40000] byte_map_base: 0x00007f30fc43f000

Marking Bits: (ParMarkBitMap*) 0x00007f311257af60
 Begin Bits: [0x00007f30f8453000, 0x00007f30fa313000)
 End Bits:   [0x00007f30fa313000, 0x00007f30fc1d3000)

Polling page: 0x00007f31131ca000

CodeCache: size=245760Kb used=2949Kb max_used=2949Kb free=242810Kb
 bounds [0x00007f30fd000000, 0x00007f30fd2f0000, 0x00007f310c000000]
 total_blobs=1088 nmethods=804 adapters=198
 compilation: enabled

Compilation events (10 events):
Event: 3,935 Thread 0x00007f310c1b9000  801       3       java.lang.ref.ReferenceQueue::reallyPoll (66 bytes)
Event: 3,936 Thread 0x00007f310c1b9000 nmethod 801 0x00007f30fd2d7b10 code [0x00007f30fd2d7ca0, 0x00007f30fd2d8110]
Event: 3,936 Thread 0x00007f310c1b9000  800   !   3       java.util.zip.ZipFile$ZipFileInflaterInputStream::close (67 bytes)
Event: 3,937 Thread 0x00007f310c1b9000 nmethod 800 0x00007f30fd2e1bd0 code [0x00007f30fd2e1da0, 0x00007f30fd2e2598]
Event: 3,937 Thread 0x00007f310c1b9000  802       3       java.lang.ref.Finalizer::access$000 (4 bytes)
Event: 3,937 Thread 0x00007f310c1b9000 nmethod 802 0x00007f30fd2d6150 code [0x00007f30fd2d62a0, 0x00007f30fd2d63d0]
Event: 3,937 Thread 0x00007f310c1b9000  803       3       java.lang.ref.ReferenceQueue::remove (6 bytes)
Event: 3,937 Thread 0x00007f310c1b9000 nmethod 803 0x00007f30fd2d3610 code [0x00007f30fd2d3780, 0x00007f30fd2d3988]
Event: 3,937 Thread 0x00007f310c1b9000  804   !   3       java.lang.ref.ReferenceQueue::remove (125 bytes)
Event: 3,938 Thread 0x00007f310c1b9000 nmethod 804 0x00007f30fd2e0d10 code [0x00007f30fd2e0f00, 0x00007f30fd2e17b8]

GC Heap History (10 events):
Event: 4,150 GC heap after
Heap after GC invocations=4 (full 0):
 PSYoungGen      total 68608K, used 1168K [0x00000000d7000000, 0x00000000db800000, 0x0000000100000000)
  eden space 63488K, 0% used [0x00000000d7000000,0x00000000d7000000,0x00000000dae00000)
  from space 5120K, 22% used [0x00000000db300000,0x00000000db424010,0x00000000db800000)
  to   space 5120K, 0% used [0x00000000dae00000,0x00000000dae00000,0x00000000db300000)
 ParOldGen       total 84992K, used 32K [0x0000000085000000, 0x000000008a300000, 0x00000000d7000000)
  object space 84992K, 0% used [0x0000000085000000,0x0000000085008000,0x000000008a300000)
 Metaspace       used 6833K, capacity 7386K, committed 7552K, reserved 1056768K
  class space    used 858K, capacity 1025K, committed 1152K, reserved 1048576K
}
Event: 4,478 GC heap before
{Heap before GC invocations=5 (full 0):
 PSYoungGen      total 68608K, used 64656K [0x00000000d7000000, 0x00000000db800000, 0x0000000100000000)
  eden space 63488K, 100% used [0x00000000d7000000,0x00000000dae00000,0x00000000dae00000)
  from space 5120K, 22% used [0x00000000db300000,0x00000000db424010,0x00000000db800000)
  to   space 5120K, 0% used [0x00000000dae00000,0x00000000dae00000,0x00000000db300000)
 ParOldGen       total 84992K, used 32K [0x0000000085000000, 0x000000008a300000, 0x00000000d7000000)
  object space 84992K, 0% used [0x0000000085000000,0x0000000085008000,0x000000008a300000)
 Metaspace       used 6833K, capacity 7386K, committed 7552K, reserved 1056768K
  class space    used 858K, capacity 1025K, committed 1152K, reserved 1048576K
Event: 4,489 GC heap after
Heap after GC invocations=5 (full 0):
 PSYoungGen      total 68608K, used 1184K [0x00000000d7000000, 0x00000000df100000, 0x0000000100000000)
  eden space 63488K, 0% used [0x00000000d7000000,0x00000000d7000000,0x00000000dae00000)
  from space 5120K, 23% used [0x00000000dae00000,0x00000000daf28000,0x00000000db300000)
  to   space 2560K, 0% used [0x00000000dee80000,0x00000000dee80000,0x00000000df100000)
 ParOldGen       total 84992K, used 32K [0x0000000085000000, 0x000000008a300000, 0x00000000d7000000)
  object space 84992K, 0% used [0x0000000085000000,0x0000000085008000,0x000000008a300000)
 Metaspace       used 6833K, capacity 7386K, committed 7552K, reserved 1056768K
  class space    used 858K, capacity 1025K, committed 1152K, reserved 1048576K
}
Event: 4,628 GC heap before
{Heap before GC invocations=6 (full 0):
 PSYoungGen      total 68608K, used 64672K [0x00000000d7000000, 0x00000000df100000, 0x0000000100000000)
  eden space 63488K, 100% used [0x00000000d7000000,0x00000000dae00000,0x00000000dae00000)
  from space 5120K, 23% used [0x00000000dae00000,0x00000000daf28000,0x00000000db300000)
  to   space 2560K, 0% used [0x00000000dee80000,0x00000000dee80000,0x00000000df100000)
 ParOldGen       total 84992K, used 32K [0x0000000085000000, 0x000000008a300000, 0x00000000d7000000)
  object space 84992K, 0% used [0x0000000085000000,0x0000000085008000,0x000000008a300000)
 Metaspace       used 6833K, capacity 7386K, committed 7552K, reserved 1056768K
  class space    used 858K, capacity 1025K, committed 1152K, reserved 1048576K
Event: 4,660 GC heap after
Heap after GC invocations=6 (full 0):
 PSYoungGen      total 129536K, used 1184K [0x00000000d7000000, 0x00000000df100000, 0x0000000100000000)
  eden space 126976K, 0% used [0x00000000d7000000,0x00000000d7000000,0x00000000dec00000)
  from space 2560K, 46% used [0x00000000dee80000,0x00000000defa8000,0x00000000df100000)
  to   space 2560K, 0% used [0x00000000dec00000,0x00000000dec00000,0x00000000dee80000)
 ParOldGen       total 84992K, used 40K [0x0000000085000000, 0x000000008a300000, 0x00000000d7000000)
  object space 84992K, 0% used [0x0000000085000000,0x000000008500a000,0x000000008a300000)
 Metaspace       used 6833K, capacity 7386K, committed 7552K, reserved 1056768K
  class space    used 858K, capacity 1025K, committed 1152K, reserved 1048576K
}
Event: 5,077 GC heap before
{Heap before GC invocations=7 (full 0):
 PSYoungGen      total 129536K, used 128160K [0x00000000d7000000, 0x00000000df100000, 0x0000000100000000)
  eden space 126976K, 100% used [0x00000000d7000000,0x00000000dec00000,0x00000000dec00000)
  from space 2560K, 46% used [0x00000000dee80000,0x00000000defa8000,0x00000000df100000)
  to   space 2560K, 0% used [0x00000000dec00000,0x00000000dec00000,0x00000000dee80000)
 ParOldGen       total 84992K, used 40K [0x0000000085000000, 0x000000008a300000, 0x00000000d7000000)
  object space 84992K, 0% used [0x0000000085000000,0x000000008500a000,0x000000008a300000)
 Metaspace       used 6833K, capacity 7386K, committed 7552K, reserved 1056768K
  class space    used 858K, capacity 1025K, committed 1152K, reserved 1048576K
Event: 5,111 GC heap after
Heap after GC invocations=7 (full 0):
 PSYoungGen      total 129536K, used 0K [0x00000000d7000000, 0x00000000e6d00000, 0x0000000100000000)
  eden space 126976K, 0% used [0x00000000d7000000,0x00000000d7000000,0x00000000dec00000)
  from space 2560K, 0% used [0x00000000dec00000,0x00000000dec00000,0x00000000dee80000)
  to   space 2560K, 0% used [0x00000000e6a80000,0x00000000e6a80000,0x00000000e6d00000)
 ParOldGen       total 84992K, used 1148K [0x0000000085000000, 0x000000008a300000, 0x00000000d7000000)
  object space 84992K, 1% used [0x0000000085000000,0x000000008511f080,0x000000008a300000)
 Metaspace       used 6833K, capacity 7386K, committed 7552K, reserved 1056768K
  class space    used 858K, capacity 1025K, committed 1152K, reserved 1048576K
}
Event: 5,332 GC heap before
{Heap before GC invocations=8 (full 0):
 PSYoungGen      total 129536K, used 126976K [0x00000000d7000000, 0x00000000e6d00000, 0x0000000100000000)
  eden space 126976K, 100% used [0x00000000d7000000,0x00000000dec00000,0x00000000dec00000)
  from space 2560K, 0% used [0x00000000dec00000,0x00000000dec00000,0x00000000dee80000)
  to   space 2560K, 0% used [0x00000000e6a80000,0x00000000e6a80000,0x00000000e6d00000)
 ParOldGen       total 84992K, used 1148K [0x0000000085000000, 0x000000008a300000, 0x00000000d7000000)
  object space 84992K, 1% used [0x0000000085000000,0x000000008511f080,0x000000008a300000)
 Metaspace       used 6833K, capacity 7386K, committed 7552K, reserved 1056768K
  class space    used 858K, capacity 1025K, committed 1152K, reserved 1048576K
Event: 5,338 GC heap after
Heap after GC invocations=8 (full 0):
 PSYoungGen      total 256512K, used 0K [0x00000000d7000000, 0x00000000e6d00000, 0x0000000100000000)
  eden space 253952K, 0% used [0x00000000d7000000,0x00000000d7000000,0x00000000e6800000)
  from space 2560K, 0% used [0x00000000e6a80000,0x00000000e6a80000,0x00000000e6d00000)
  to   space 2560K, 0% used [0x00000000e6800000,0x00000000e6800000,0x00000000e6a80000)
 ParOldGen       total 84992K, used 1148K [0x0000000085000000, 0x000000008a300000, 0x00000000d7000000)
  object space 84992K, 1% used [0x0000000085000000,0x000000008511f080,0x000000008a300000)
 Metaspace       used 6833K, capacity 7386K, committed 7552K, reserved 1056768K
  class space    used 858K, capacity 1025K, committed 1152K, reserved 1048576K
}
Event: 7,639 GC heap before
{Heap before GC invocations=9 (full 0):
 PSYoungGen      total 256512K, used 253952K [0x00000000d7000000, 0x00000000e6d00000, 0x0000000100000000)
  eden space 253952K, 100% used [0x00000000d7000000,0x00000000e6800000,0x00000000e6800000)
  from space 2560K, 0% used [0x00000000e6a80000,0x00000000e6a80000,0x00000000e6d00000)
  to   space 2560K, 0% used [0x00000000e6800000,0x00000000e6800000,0x00000000e6a80000)
 ParOldGen       total 84992K, used 1148K [0x0000000085000000, 0x000000008a300000, 0x00000000d7000000)
  object space 84992K, 1% used [0x0000000085000000,0x000000008511f080,0x000000008a300000)
 Metaspace       used 6833K, capacity 7386K, committed 7552K, reserved 1056768K
  class space    used 858K, capacity 1025K, committed 1152K, reserved 1048576K

Deoptimization events (1 events):
Event: 1,900 Thread 0x00007f310c00c000 Uncommon trap: reason=unstable_if action=reinterpret pc=0x00007f30fd1832d4 method=java.lang.String.replace(CC)Ljava/lang/String; @ 26

Internal exceptions (10 events):
Event: 1,699 Thread 0x00007f310c00c000 Exception <a 'java/lang/NoSuchFieldError': method resolution failed> (0x00000000d7513a28) thrown at [/HUDSON/workspace/8-2-build-linux-amd64/jdk8u131/8869/hotspot/src/share/vm/prims/methodHandles.cpp, line 1146]
Event: 1,724 Thread 0x00007f310c00c000 Exception <a 'java/lang/NoSuchFieldError': method resolution failed> (0x00000000d7521648) thrown at [/HUDSON/workspace/8-2-build-linux-amd64/jdk8u131/8869/hotspot/src/share/vm/prims/methodHandles.cpp, line 1146]
Event: 2,103 Thread 0x00007f310c00c000 Exception <a 'java/lang/NoSuchMethodError': java.lang.Object.lambda$or$2(Ljava/util/function/Predicate;Ljava/lang/Object;)Z> (0x00000000d778ced8) thrown at [/HUDSON/workspace/8-2-build-linux-amd64/jdk8u131/8869/hotspot/src/share/vm/interpreter/linkResolve
Event: 2,278 Thread 0x00007f310c00c000 Exception <a 'java/lang/IncompatibleClassChangeError': Found class java.lang.Object, but interface was expected> (0x00000000d78961a8) thrown at [/HUDSON/workspace/8-2-build-linux-amd64/jdk8u131/8869/hotspot/src/share/vm/interpreter/linkResolver.cpp, line 
Event: 2,468 Thread 0x00007f310c00c000 Exception <a 'java/lang/NoSuchMethodError': java.lang.Object.lambda$andThen$1(Ljava/util/function/Function;Ljava/lang/Object;)Ljava/lang/Object;> (0x00000000d795d838) thrown at [/HUDSON/workspace/8-2-build-linux-amd64/jdk8u131/8869/hotspot/src/share/vm/in
Event: 2,848 Thread 0x00007f310c00c000 Exception <a 'java/lang/IncompatibleClassChangeError': Found class java.lang.Object, but interface was expected> (0x00000000d7ac1950) thrown at [/HUDSON/workspace/8-2-build-linux-amd64/jdk8u131/8869/hotspot/src/share/vm/interpreter/linkResolver.cpp, line 
Event: 2,852 Thread 0x00007f310c00c000 Exception <a 'java/lang/NoSuchMethodError': java.lang.Object.lambda$accept$0(Lorg/junit/platform/engine/TestDescriptor$Visitor;Lorg/junit/platform/engine/TestDescriptor;)V> (0x00000000d7ac9980) thrown at [/HUDSON/workspace/8-2-build-linux-amd64/jdk8u131/8
Event: 2,855 Thread 0x00007f310c00c000 Exception <a 'java/lang/IncompatibleClassChangeError': Found class java.lang.Object, but interface was expected> (0x00000000d7ad7590) thrown at [/HUDSON/workspace/8-2-build-linux-amd64/jdk8u131/8869/hotspot/src/share/vm/interpreter/linkResolver.cpp, line 
Event: 2,884 Thread 0x00007f310c00c000 Exception <a 'java/lang/NoSuchMethodError': java.lang.Object.lambda$adaptFilter$0(Lorg/junit/platform/engine/Filter;Ljava/util/function/Function;Ljava/lang/Object;)Lorg/junit/platform/engine/FilterResult;> (0x00000000d7b5b830) thrown at [/HUDSON/workspace
Event: 2,891 Thread 0x00007f310c00c000 Exception <a 'java/lang/NoSuchMethodError': java.lang.Object.lambda$toPredicate$1(Ljava/lang/Object;)Z> (0x00000000d7b6d1b0) thrown at [/HUDSON/workspace/8-2-build-linux-amd64/jdk8u131/8869/hotspot/src/share/vm/interpreter/linkResolver.cpp, line 582]

Events (10 events):
Event: 4,489 Executing VM operation: ParallelGCFailedAllocation done
Event: 4,628 Executing VM operation: ParallelGCFailedAllocation
Event: 4,660 Executing VM operation: ParallelGCFailedAllocation done
Event: 4,707 Executing VM operation: EnableBiasedLocking
Event: 4,718 Executing VM operation: EnableBiasedLocking done
Event: 5,077 Executing VM operation: ParallelGCFailedAllocation
Event: 5,111 Executing VM operation: ParallelGCFailedAllocation done
Event: 5,332 Executing VM operation: ParallelGCFailedAllocation
Event: 5,338 Executing VM operation: ParallelGCFailedAllocation done
Event: 7,638 Executing VM operation: ParallelGCFailedAllocation


Dynamic libraries:
00400000-00401000 r-xp 00000000 08:01 19924628                           /usr/lib/jvm/java-8-oracle/bin/java
00600000-00601000 rw-p 00000000 08:01 19924628                           /usr/lib/jvm/java-8-oracle/bin/java
0085a000-0087b000 rw-p 00000000 00:00 0                                  [heap]
85000000-8a300000 rw-p 00000000 00:00 0 
8a300000-d7000000 ---p 00000000 00:00 0 
d7000000-e6d00000 rw-p 00000000 00:00 0 
f0200000-100000000 ---p 00000000 00:00 0 
100000000-100120000 rw-p 00000000 00:00 0 
100120000-140000000 ---p 00000000 00:00 0 
7f30b8000000-7f30b8021000 rw-p 00000000 00:00 0 
7f30b8021000-7f30bc000000 ---p 00000000 00:00 0 
7f30bc000000-7f30bc021000 rw-p 00000000 00:00 0 
7f30bc021000-7f30c0000000 ---p 00000000 00:00 0 
7f30c0000000-7f30c0150000 rw-p 00000000 00:00 0 
7f30c0150000-7f30c4000000 ---p 00000000 00:00 0 
7f30c4000000-7f30c4383000 rw-p 00000000 00:00 0 
7f30c4383000-7f30c8000000 ---p 00000000 00:00 0 
7f30c8000000-7f30c8021000 rw-p 00000000 00:00 0 
7f30c8021000-7f30cc000000 ---p 00000000 00:00 0 
7f30cc000000-7f30cc158000 rw-p 00000000 00:00 0 
7f30cc158000-7f30d0000000 ---p 00000000 00:00 0 
7f30d0000000-7f30d0021000 rw-p 00000000 00:00 0 
7f30d0021000-7f30d4000000 ---p 00000000 00:00 0 
7f30d4000000-7f30d4021000 rw-p 00000000 00:00 0 
7f30d4021000-7f30d8000000 ---p 00000000 00:00 0 
7f30d8000000-7f30d828f000 rw-p 00000000 00:00 0 
7f30d828f000-7f30dc000000 ---p 00000000 00:00 0 
7f30dc000000-7f30dc021000 rw-p 00000000 00:00 0 
7f30dc021000-7f30e0000000 ---p 00000000 00:00 0 
7f30e0000000-7f30e0021000 rw-p 00000000 00:00 0 
7f30e0021000-7f30e4000000 ---p 00000000 00:00 0 
7f30e4000000-7f30e4021000 rw-p 00000000 00:00 0 
7f30e4021000-7f30e8000000 ---p 00000000 00:00 0 
7f30e8000000-7f30e8021000 rw-p 00000000 00:00 0 
7f30e8021000-7f30ec000000 ---p 00000000 00:00 0 
7f30f0000000-7f30f0021000 rw-p 00000000 00:00 0 
7f30f0021000-7f30f4000000 ---p 00000000 00:00 0 
7f30f5341000-7f30f5344000 r--s 00012000 08:01 18888845                   /home/think/Downloads/idea-IC-171.4249.39/plugins/junit/lib/junit-platform-engine-1.0.0-M4.jar
7f30f5344000-7f30f5346000 r--s 00003000 08:01 18888847                   /home/think/Downloads/idea-IC-171.4249.39/plugins/junit/lib/junit-platform-runner-1.0.0-M4.jar
7f30f5346000-7f30f5348000 r--s 0000b000 08:01 18888853                   /home/think/Downloads/idea-IC-171.4249.39/plugins/junit/lib/junit-vintage-engine-4.12.0-M4.jar
7f30f5348000-7f30f534b000 r--s 00018000 08:01 18888841                   /home/think/Downloads/idea-IC-171.4249.39/plugins/junit/lib/junit-jupiter-engine-5.0.0-M4.jar
7f30f534b000-7f30f534d000 r--s 0000c000 08:01 18888843                   /home/think/Downloads/idea-IC-171.4249.39/plugins/junit/lib/junit-platform-commons-1.0.0-M4.jar
7f30f534d000-7f30f534e000 r--s 00002000 08:01 18888849                   /home/think/Downloads/idea-IC-171.4249.39/plugins/junit/lib/junit-platform-suite-api-1.0.0-M4.jar
7f30f534e000-7f30f5350000 r--s 0000b000 08:01 18888846                   /home/think/Downloads/idea-IC-171.4249.39/plugins/junit/lib/junit-platform-launcher-1.0.0-M4.jar
7f30f5350000-7f30f5351000 ---p 00000000 00:00 0 
7f30f5351000-7f30f5752000 rw-p 00000000 00:00 0 
7f30f5752000-7f30f5768000 r-xp 00000000 08:01 21499010                   /usr/lib/jvm/java-8-oracle/jre/lib/amd64/libnet.so
7f30f5768000-7f30f5968000 ---p 00016000 08:01 21499010                   /usr/lib/jvm/java-8-oracle/jre/lib/amd64/libnet.so
7f30f5968000-7f30f5969000 rw-p 00016000 08:01 21499010                   /usr/lib/jvm/java-8-oracle/jre/lib/amd64/libnet.so
7f30f5969000-7f30f596c000 ---p 00000000 00:00 0 
7f30f596c000-7f30f5a6a000 rw-p 00000000 00:00 0 
7f30f5a6a000-7f30f5a6d000 ---p 00000000 00:00 0 
7f30f5a6d000-7f30f5b6b000 rw-p 00000000 00:00 0 
7f30f5b6b000-7f30f5b6e000 ---p 00000000 00:00 0 
7f30f5b6e000-7f30f5c6c000 rw-p 00000000 00:00 0 
7f30f5c6c000-7f30f5c6f000 ---p 00000000 00:00 0 
7f30f5c6f000-7f30f5d6d000 rw-p 00000000 00:00 0 
7f30f5d6d000-7f30f5d70000 ---p 00000000 00:00 0 
7f30f5d70000-7f30f5e6e000 rw-p 00000000 00:00 0 
7f30f5e6e000-7f30f5e71000 ---p 00000000 00:00 0 
7f30f5e71000-7f30f5f6f000 rw-p 00000000 00:00 0 
7f30f5f6f000-7f30f63cb000 r--p 00000000 08:01 18876581                   /usr/lib/locale/locale-archive
7f30f63cb000-7f30f63ce000 ---p 00000000 00:00 0 
7f30f63ce000-7f30f64cc000 rw-p 00000000 00:00 0 
7f30f64cc000-7f30f64cf000 ---p 00000000 00:00 0 
7f30f64cf000-7f30f65cd000 rw-p 00000000 00:00 0 
7f30f65cd000-7f30f65ce000 ---p 00000000 00:00 0 
7f30f65ce000-7f30f762c000 rw-p 00000000 00:00 0 
7f30f762c000-7f30f7805000 r--s 03d40000 08:01 20208409                   /usr/lib/jvm/java-8-oracle/jre/lib/rt.jar
7f30f7805000-7f30f7ebb000 rw-p 00000000 00:00 0 
7f30f7ebb000-7f30f807b000 ---p 00000000 00:00 0 
7f30f807b000-7f30fc1d3000 rw-p 00000000 00:00 0 
7f30fc1d3000-7f30fc1d4000 ---p 00000000 00:00 0 
7f30fc1d4000-7f30fc2d4000 rw-p 00000000 00:00 0 
7f30fc2d4000-7f30fc2d5000 ---p 00000000 00:00 0 
7f30fc2d5000-7f30fc3d5000 rw-p 00000000 00:00 0 
7f30fc3d5000-7f30fc3d6000 ---p 00000000 00:00 0 
7f30fc3d6000-7f30fc4d6000 rw-p 00000000 00:00 0 
7f30fc4d6000-7f30fc4d7000 ---p 00000000 00:00 0 
7f30fc4d7000-7f30fc601000 rw-p 00000000 00:00 0 
7f30fc601000-7f30fc867000 ---p 00000000 00:00 0 
7f30fc867000-7f30fc891000 rw-p 00000000 00:00 0 
7f30fc891000-7f30fcaf7000 ---p 00000000 00:00 0 
7f30fcaf7000-7f30fcb76000 rw-p 00000000 00:00 0 
7f30fcb76000-7f30fcc3f000 ---p 00000000 00:00 0 
7f30fcc3f000-7f30fcc4c000 rw-p 00000000 00:00 0 
7f30fcc4c000-7f30fd000000 ---p 00000000 00:00 0 
7f30fd000000-7f30fd2f0000 rwxp 00000000 00:00 0 
7f30fd2f0000-7f310c000000 ---p 00000000 00:00 0 
7f310c000000-7f310c54f000 rw-p 00000000 00:00 0 
7f310c54f000-7f3110000000 ---p 00000000 00:00 0 
7f3110000000-7f3110001000 r--s 00007000 08:01 18888855                   /home/think/Downloads/idea-IC-171.4249.39/plugins/junit/lib/junit5-rt.jar
7f3110001000-7f3110003000 r--s 00010000 08:01 18888840                   /home/think/Downloads/idea-IC-171.4249.39/plugins/junit/lib/junit-jupiter-api-5.0.0-M4.jar
7f3110003000-7f3110005000 r--s 00009000 08:01 16148073                   /home/think/Downloads/idea-IC-171.4249.39/lib/hamcrest-core-1.3.jar
7f3110005000-7f311001f000 r-xp 00000000 08:01 21499001                   /usr/lib/jvm/java-8-oracle/jre/lib/amd64/libzip.so
7f311001f000-7f311021f000 ---p 0001a000 08:01 21499001                   /usr/lib/jvm/java-8-oracle/jre/lib/amd64/libzip.so
7f311021f000-7f3110220000 rw-p 0001a000 08:01 21499001                   /usr/lib/jvm/java-8-oracle/jre/lib/amd64/libzip.so
7f3110220000-7f311022b000 r-xp 00000000 08:01 6306549                    /lib/x86_64-linux-gnu/libnss_files-2.23.so
7f311022b000-7f311042a000 ---p 0000b000 08:01 6306549                    /lib/x86_64-linux-gnu/libnss_files-2.23.so
7f311042a000-7f311042b000 r--p 0000a000 08:01 6306549                    /lib/x86_64-linux-gnu/libnss_files-2.23.so
7f311042b000-7f311042c000 rw-p 0000b000 08:01 6306549                    /lib/x86_64-linux-gnu/libnss_files-2.23.so
7f311042c000-7f3110432000 rw-p 00000000 00:00 0 
7f3110432000-7f311043d000 r-xp 00000000 08:01 6306542                    /lib/x86_64-linux-gnu/libnss_nis-2.23.so
7f311043d000-7f311063c000 ---p 0000b000 08:01 6306542                    /lib/x86_64-linux-gnu/libnss_nis-2.23.so
7f311063c000-7f311063d000 r--p 0000a000 08:01 6306542                    /lib/x86_64-linux-gnu/libnss_nis-2.23.so
7f311063d000-7f311063e000 rw-p 0000b000 08:01 6306542                    /lib/x86_64-linux-gnu/libnss_nis-2.23.so
7f311063e000-7f3110654000 r-xp 00000000 08:01 6306544                    /lib/x86_64-linux-gnu/libnsl-2.23.so
7f3110654000-7f3110853000 ---p 00016000 08:01 6306544                    /lib/x86_64-linux-gnu/libnsl-2.23.so
7f3110853000-7f3110854000 r--p 00015000 08:01 6306544                    /lib/x86_64-linux-gnu/libnsl-2.23.so
7f3110854000-7f3110855000 rw-p 00016000 08:01 6306544                    /lib/x86_64-linux-gnu/libnsl-2.23.so
7f3110855000-7f3110857000 rw-p 00000000 00:00 0 
7f3110857000-7f311085f000 r-xp 00000000 08:01 6306551                    /lib/x86_64-linux-gnu/libnss_compat-2.23.so
7f311085f000-7f3110a5e000 ---p 00008000 08:01 6306551                    /lib/x86_64-linux-gnu/libnss_compat-2.23.so
7f3110a5e000-7f3110a5f000 r--p 00007000 08:01 6306551                    /lib/x86_64-linux-gnu/libnss_compat-2.23.so
7f3110a5f000-7f3110a60000 rw-p 00008000 08:01 6306551                    /lib/x86_64-linux-gnu/libnss_compat-2.23.so
7f3110a60000-7f3110a6a000 r-xp 00000000 08:01 21499017                   /usr/lib/jvm/java-8-oracle/jre/lib/amd64/libinstrument.so
7f3110a6a000-7f3110c69000 ---p 0000a000 08:01 21499017                   /usr/lib/jvm/java-8-oracle/jre/lib/amd64/libinstrument.so
7f3110c69000-7f3110c6a000 rw-p 00009000 08:01 21499017                   /usr/lib/jvm/java-8-oracle/jre/lib/amd64/libinstrument.so
7f3110c6a000-7f3110c95000 r-xp 00000000 08:01 21498993                   /usr/lib/jvm/java-8-oracle/jre/lib/amd64/libjava.so
7f3110c95000-7f3110e94000 ---p 0002b000 08:01 21498993                   /usr/lib/jvm/java-8-oracle/jre/lib/amd64/libjava.so
7f3110e94000-7f3110e96000 rw-p 0002a000 08:01 21498993                   /usr/lib/jvm/java-8-oracle/jre/lib/amd64/libjava.so
7f3110e96000-7f3110ea3000 r-xp 00000000 08:01 21499000                   /usr/lib/jvm/java-8-oracle/jre/lib/amd64/libverify.so
7f3110ea3000-7f31110a2000 ---p 0000d000 08:01 21499000                   /usr/lib/jvm/java-8-oracle/jre/lib/amd64/libverify.so
7f31110a2000-7f31110a4000 rw-p 0000c000 08:01 21499000                   /usr/lib/jvm/java-8-oracle/jre/lib/amd64/libverify.so
7f31110a4000-7f31110ab000 r-xp 00000000 08:01 6306552                    /lib/x86_64-linux-gnu/librt-2.23.so
7f31110ab000-7f31112aa000 ---p 00007000 08:01 6306552                    /lib/x86_64-linux-gnu/librt-2.23.so
7f31112aa000-7f31112ab000 r--p 00006000 08:01 6306552                    /lib/x86_64-linux-gnu/librt-2.23.so
7f31112ab000-7f31112ac000 rw-p 00007000 08:01 6306552                    /lib/x86_64-linux-gnu/librt-2.23.so
7f31112ac000-7f31113b4000 r-xp 00000000 08:01 6306543                    /lib/x86_64-linux-gnu/libm-2.23.so
7f31113b4000-7f31115b3000 ---p 00108000 08:01 6306543                    /lib/x86_64-linux-gnu/libm-2.23.so
7f31115b3000-7f31115b4000 r--p 00107000 08:01 6306543                    /lib/x86_64-linux-gnu/libm-2.23.so
7f31115b4000-7f31115b5000 rw-p 00108000 08:01 6306543                    /lib/x86_64-linux-gnu/libm-2.23.so
7f31115b5000-7f3112284000 r-xp 00000000 08:01 22025152                   /usr/lib/jvm/java-8-oracle/jre/lib/amd64/server/libjvm.so
7f3112284000-7f3112484000 ---p 00ccf000 08:01 22025152                   /usr/lib/jvm/java-8-oracle/jre/lib/amd64/server/libjvm.so
7f3112484000-7f311255d000 rw-p 00ccf000 08:01 22025152                   /usr/lib/jvm/java-8-oracle/jre/lib/amd64/server/libjvm.so
7f311255d000-7f31125a8000 rw-p 00000000 00:00 0 
7f31125a8000-7f3112767000 r-xp 00000000 08:01 6306545                    /lib/x86_64-linux-gnu/libc-2.23.so
7f3112767000-7f3112967000 ---p 001bf000 08:01 6306545                    /lib/x86_64-linux-gnu/libc-2.23.so
7f3112967000-7f311296b000 r--p 001bf000 08:01 6306545                    /lib/x86_64-linux-gnu/libc-2.23.so
7f311296b000-7f311296d000 rw-p 001c3000 08:01 6306545                    /lib/x86_64-linux-gnu/libc-2.23.so
7f311296d000-7f3112971000 rw-p 00000000 00:00 0 
7f3112971000-7f3112974000 r-xp 00000000 08:01 6306541                    /lib/x86_64-linux-gnu/libdl-2.23.so
7f3112974000-7f3112b73000 ---p 00003000 08:01 6306541                    /lib/x86_64-linux-gnu/libdl-2.23.so
7f3112b73000-7f3112b74000 r--p 00002000 08:01 6306541                    /lib/x86_64-linux-gnu/libdl-2.23.so
7f3112b74000-7f3112b75000 rw-p 00003000 08:01 6306541                    /lib/x86_64-linux-gnu/libdl-2.23.so
7f3112b75000-7f3112b8a000 r-xp 00000000 08:01 20208186                   /usr/lib/jvm/java-8-oracle/lib/amd64/jli/libjli.so
7f3112b8a000-7f3112d8a000 ---p 00015000 08:01 20208186                   /usr/lib/jvm/java-8-oracle/lib/amd64/jli/libjli.so
7f3112d8a000-7f3112d8b000 rw-p 00015000 08:01 20208186                   /usr/lib/jvm/java-8-oracle/lib/amd64/jli/libjli.so
7f3112d8b000-7f3112da3000 r-xp 00000000 08:01 6306556                    /lib/x86_64-linux-gnu/libpthread-2.23.so
7f3112da3000-7f3112fa2000 ---p 00018000 08:01 6306556                    /lib/x86_64-linux-gnu/libpthread-2.23.so
7f3112fa2000-7f3112fa3000 r--p 00017000 08:01 6306556                    /lib/x86_64-linux-gnu/libpthread-2.23.so
7f3112fa3000-7f3112fa4000 rw-p 00018000 08:01 6306556                    /lib/x86_64-linux-gnu/libpthread-2.23.so
7f3112fa4000-7f3112fa8000 rw-p 00000000 00:00 0 
7f3112fa8000-7f3112fce000 r-xp 00000000 08:01 6306546                    /lib/x86_64-linux-gnu/ld-2.23.so
7f3112fce000-7f3112fcf000 r--s 00001000 08:01 18888857                   /home/think/Downloads/idea-IC-171.4249.39/plugins/junit/lib/opentest4j-1.0.0-M2.jar
7f3112fcf000-7f3112fd7000 r--s 00045000 08:01 16148140                   /home/think/Downloads/idea-IC-171.4249.39/lib/junit-4.12.jar
7f3112fd7000-7f3112fea000 r--s 00345000 08:01 20208441                   /usr/lib/jvm/java-8-oracle/jre/lib/resources.jar
7f3112fea000-7f3112ffc000 r--s 000d6000 08:01 20208347                   /usr/lib/jvm/java-8-oracle/jre/lib/plugin.jar
7f3112ffc000-7f3113001000 r--s 0009a000 08:01 20208449                   /usr/lib/jvm/java-8-oracle/jre/lib/jsse.jar
7f3113001000-7f3113003000 r--s 00007000 08:01 20208515                   /usr/lib/jvm/java-8-oracle/jre/lib/jfxswt.jar
7f3113003000-7f3113008000 r--s 00084000 08:01 20208326                   /usr/lib/jvm/java-8-oracle/jre/lib/jfr.jar
7f3113008000-7f311300b000 r--s 0001a000 08:01 20208499                   /usr/lib/jvm/java-8-oracle/jre/lib/jce.jar
7f311300b000-7f3113015000 r--s 0006c000 08:01 20208341                   /usr/lib/jvm/java-8-oracle/jre/lib/javaws.jar
7f3113015000-7f3113097000 rw-p 00000000 00:00 0 
7f3113097000-7f311309a000 ---p 00000000 00:00 0 
7f311309a000-7f311319c000 rw-p 00000000 00:00 0 
7f311319c000-7f311319d000 r--s 00000000 08:01 20208336                   /usr/lib/jvm/java-8-oracle/jre/lib/management-agent.jar
7f311319d000-7f31131b8000 r--s 0020b000 08:01 20208327                   /usr/lib/jvm/java-8-oracle/jre/lib/deploy.jar
7f31131b8000-7f31131bd000 r--s 002f9000 08:01 20208395                   /usr/lib/jvm/java-8-oracle/jre/lib/charsets.jar
7f31131bd000-7f31131bf000 r--s 00020000 08:01 18888851                   /home/think/Downloads/idea-IC-171.4249.39/plugins/junit/lib/junit-rt.jar
7f31131bf000-7f31131c1000 r--s 0001a000 08:01 16148083                   /home/think/Downloads/idea-IC-171.4249.39/lib/idea_rt.jar
7f31131c1000-7f31131c9000 rw-s 00000000 08:01 24266445                   /tmp/hsperfdata_think/10117
7f31131c9000-7f31131ca000 rw-p 00000000 00:00 0 
7f31131ca000-7f31131cb000 ---p 00000000 00:00 0 
7f31131cb000-7f31131cd000 rw-p 00000000 00:00 0 
7f31131cd000-7f31131ce000 r--p 00025000 08:01 6306546                    /lib/x86_64-linux-gnu/ld-2.23.so
7f31131ce000-7f31131cf000 rw-p 00026000 08:01 6306546                    /lib/x86_64-linux-gnu/ld-2.23.so
7f31131cf000-7f31131d0000 rw-p 00000000 00:00 0 
7ffebfaa0000-7ffebfac2000 rw-p 00000000 00:00 0                          [stack]
7ffebfbbc000-7ffebfbbe000 r--p 00000000 00:00 0                          [vvar]
7ffebfbbe000-7ffebfbc0000 r-xp 00000000 00:00 0                          [vdso]
ffffffffff600000-ffffffffff601000 r-xp 00000000 00:00 0                  [vsyscall]

VM Arguments:
jvm_args: -ea -Didea.test.cyclic.buffer.size=1048576 -javaagent:/home/think/Downloads/idea-IC-171.4249.39/lib/idea_rt.jar=46124:/home/think/Downloads/idea-IC-171.4249.39/bin -Dfile.encoding=UTF-8 
java_command: com.intellij.rt.execution.junit.JUnitStarter -ideVersion5 -junit5 test.MyTests
java_class_path (initial): /home/think/Downloads/idea-IC-171.4249.39/lib/idea_rt.jar:/home/think/Downloads/idea-IC-171.4249.39/plugins/junit/lib/junit-rt.jar:/usr/lib/jvm/java-8-oracle/jre/lib/charsets.jar:/usr/lib/jvm/java-8-oracle/jre/lib/deploy.jar:/usr/lib/jvm/java-8-oracle/jre/lib/ext/cldrdata.jar:/usr/lib/jvm/java-8-oracle/jre/lib/ext/dnsns.jar:/usr/lib/jvm/java-8-oracle/jre/lib/ext/jaccess.jar:/usr/lib/jvm/java-8-oracle/jre/lib/ext/jfxrt.jar:/usr/lib/jvm/java-8-oracle/jre/lib/ext/localedata.jar:/usr/lib/jvm/java-8-oracle/jre/lib/ext/nashorn.jar:/usr/lib/jvm/java-8-oracle/jre/lib/ext/sunec.jar:/usr/lib/jvm/java-8-oracle/jre/lib/ext/sunjce_provider.jar:/usr/lib/jvm/java-8-oracle/jre/lib/ext/sunpkcs11.jar:/usr/lib/jvm/java-8-oracle/jre/lib/ext/zipfs.jar:/usr/lib/jvm/java-8-oracle/jre/lib/javaws.jar:/usr/lib/jvm/java-8-oracle/jre/lib/jce.jar:/usr/lib/jvm/java-8-oracle/jre/lib/jfr.jar:/usr/lib/jvm/java-8-oracle/jre/lib/jfxswt.jar:/usr/lib/jvm/java-8-oracle/jre/lib/jsse.jar:/usr/lib/jvm/java-8-oracle/jre/lib/management-agent.jar:/usr/lib/jvm/java-8-oracle/jre/lib/plugin.jar:/usr/lib/jvm/java-8-oracle/jre/lib/resources.jar:/usr/lib/jvm/java-8-oracle/jre/lib/rt.jar:/home/think/Downloads/gameDev/23_battleShip/out/production/23_battleShip:/home/think/Downloads/idea-IC-171.4249.39/lib/junit-4.12.jar:/home/think/Downloads/idea-IC-171.4249.39/lib/hamcrest-core-1.3.jar:/home/think/Downloads/idea-IC-171.4249.39/plugins/junit/lib/junit-jupiter-api-5.0.0-M4.jar:/home/think/Downloads/idea-IC-171.4249.39/plugins/junit/lib/opentest4j-1.0.0-M2.jar:/home/think/Downloads/idea-IC-171.4249.39/plugins/junit/lib/junit5-rt.jar:/home/think/Downloads/idea-IC-171.4249.39/plugins/junit/lib/junit-platform-launcher-1.0.0-M4.jar:/home/think/Downloads/idea-IC-171.4249.39/plugins/junit/lib/junit-platform-suite-api-1.0.0-M4.jar:/home/think/Downloads/idea-IC-171.4249.39/plugins/junit/lib/junit-platform-commons-1.0.0-M4.jar:/home/think/Downloads/idea-IC-171.4249.39/plugins/junit/lib/junit-jupiter
Launcher Type: SUN_STANDARD

Environment Variables:
JAVA_HOME=/usr/lib/jvm/java-8-oracle
PATH=/home/think/bin:/usr/local/sbin:/usr/local/bin:/usr/sbin:/usr/bin:/sbin:/bin:/usr/games:/usr/local/games:/snap/bin:/usr/lib/jvm/java-8-oracle/bin:/usr/lib/jvm/java-8-oracle/db/bin:/usr/lib/jvm/java-8-oracle/jre/bin
LD_LIBRARY_PATH=/home/think/Downloads/idea-IC-171.4249.39/bin:
SHELL=/bin/bash
DISPLAY=:0

Signal Handlers:
SIGSEGV: [libjvm.so+0xac8af0], sa_mask[0]=11111111011111111101111111111110, sa_flags=SA_RESTART|SA_SIGINFO
SIGBUS: [libjvm.so+0xac8af0], sa_mask[0]=11111111011111111101111111111110, sa_flags=SA_RESTART|SA_SIGINFO
SIGFPE: [libjvm.so+0x921dd0], sa_mask[0]=11111111011111111101111111111110, sa_flags=SA_RESTART|SA_SIGINFO
SIGPIPE: [libjvm.so+0x921dd0], sa_mask[0]=11111111011111111101111111111110, sa_flags=SA_RESTART|SA_SIGINFO
SIGXFSZ: [libjvm.so+0x921dd0], sa_mask[0]=11111111011111111101111111111110, sa_flags=SA_RESTART|SA_SIGINFO
SIGILL: [libjvm.so+0x921dd0], sa_mask[0]=11111111011111111101111111111110, sa_flags=SA_RESTART|SA_SIGINFO
SIGUSR1: SIG_DFL, sa_mask[0]=00000000000000000000000000000000, sa_flags=none
SIGUSR2: [libjvm.so+0x923610], sa_mask[0]=00100000000000000000000000000000, sa_flags=SA_RESTART|SA_SIGINFO
SIGHUP: [libjvm.so+0x924a10], sa_mask[0]=11111111011111111101111111111110, sa_flags=SA_RESTART|SA_SIGINFO
SIGINT: [libjvm.so+0x924a10], sa_mask[0]=11111111011111111101111111111110, sa_flags=SA_RESTART|SA_SIGINFO
SIGTERM: [libjvm.so+0x924a10], sa_mask[0]=11111111011111111101111111111110, sa_flags=SA_RESTART|SA_SIGINFO
SIGQUIT: [libjvm.so+0x924a10], sa_mask[0]=11111111011111111101111111111110, sa_flags=SA_RESTART|SA_SIGINFO


---------------  S Y S T E M  ---------------

OS:DISTRIB_ID=Ubuntu
DISTRIB_RELEASE=16.04
DISTRIB_CODENAME=xenial
DISTRIB_DESCRIPTION="Ubuntu 16.04.2 LTS"

uname:Linux 4.4.0-77-generic #98-Ubuntu SMP Wed Apr 26 08:34:02 UTC 2017 x86_64
libc:glibc 2.23 NPTL 2.23 
rlimit: STACK 8192k, CORE 0k, NPROC 31306, NOFILE 65536, AS infinity
load average:8,18 5,68 3,43

/proc/meminfo:
MemTotal:        8054848 kB
MemFree:          115004 kB
MemAvailable:      44368 kB
Buffers:            1968 kB
Cached:           176652 kB
SwapCached:        41028 kB
Active:          6142932 kB
Inactive:        1343968 kB
Active(anon):    6110764 kB
Inactive(anon):  1326804 kB
Active(file):      32168 kB
Inactive(file):    17164 kB
Unevictable:         112 kB
Mlocked:             116 kB
SwapTotal:       8267772 kB
SwapFree:              4 kB
Dirty:                 0 kB
Writeback:            24 kB
AnonPages:       7269324 kB
Mapped:            87364 kB
Shmem:            128252 kB
Slab:             158228 kB
SReclaimable:      78080 kB
SUnreclaim:        80148 kB
KernelStack:       26832 kB
PageTables:       155500 kB
NFS_Unstable:          0 kB
Bounce:                0 kB
WritebackTmp:          0 kB
CommitLimit:    12295196 kB
Committed_AS:   30821188 kB
VmallocTotal:   34359738367 kB
VmallocUsed:           0 kB
VmallocChunk:          0 kB
HardwareCorrupted:     0 kB
AnonHugePages:   1224704 kB
CmaTotal:              0 kB
CmaFree:               0 kB
HugePages_Total:       0
HugePages_Free:        0
HugePages_Rsvd:        0
HugePages_Surp:        0
Hugepagesize:       2048 kB
DirectMap4k:      511616 kB
DirectMap2M:     7757824 kB


CPU:total 4 (initial active 4) (2 cores per cpu, 2 threads per core) family 6 model 42 stepping 7, cmov, cx8, fxsr, mmx, sse, sse2, sse3, ssse3, sse4.1, sse4.2, popcnt, avx, aes, clmul, ht, tsc, tscinvbit

/proc/cpuinfo:
processor	: 0
vendor_id	: GenuineIntel
cpu family	: 6
model		: 42
model name	: Intel(R) Core(TM) i5-2410M CPU @ 2.30GHz
stepping	: 7
microcode	: 0x28
cpu MHz		: 1599.937
cache size	: 3072 KB
physical id	: 0
siblings	: 4
core id		: 0
cpu cores	: 2
apicid		: 0
initial apicid	: 0
fpu		: yes
fpu_exception	: yes
cpuid level	: 13
wp		: yes
flags		: fpu vme de pse tsc msr pae mce cx8 apic sep mtrr pge mca cmov pat pse36 clflush dts acpi mmx fxsr sse sse2 ss ht tm pbe syscall nx rdtscp lm constant_tsc arch_perfmon pebs bts nopl xtopology nonstop_tsc aperfmperf eagerfpu pni pclmulqdq dtes64 monitor ds_cpl vmx est tm2 ssse3 cx16 xtpr pdcm pcid sse4_1 sse4_2 x2apic popcnt tsc_deadline_timer aes xsave avx lahf_lm epb tpr_shadow vnmi flexpriority ept vpid xsaveopt dtherm ida arat pln pts
bugs		:
bogomips	: 4585.23
clflush size	: 64
cache_alignment	: 64
address sizes	: 36 bits physical, 48 bits virtual
power management:

processor	: 1
vendor_id	: GenuineIntel
cpu family	: 6
model		: 42
model name	: Intel(R) Core(TM) i5-2410M CPU @ 2.30GHz
stepping	: 7
microcode	: 0x28
cpu MHz		: 1599.937
cache size	: 3072 KB
physical id	: 0
siblings	: 4
core id		: 0
cpu cores	: 2
apicid		: 1
initial apicid	: 1
fpu		: yes
fpu_exception	: yes
cpuid level	: 13
wp		: yes
flags		: fpu vme de pse tsc msr pae mce cx8 apic sep mtrr pge mca cmov pat pse36 clflush dts acpi mmx fxsr sse sse2 ss ht tm pbe syscall nx rdtscp lm constant_tsc arch_perfmon pebs bts nopl xtopology nonstop_tsc aperfmperf eagerfpu pni pclmulqdq dtes64 monitor ds_cpl vmx est tm2 ssse3 cx16 xtpr pdcm pcid sse4_1 sse4_2 x2apic popcnt tsc_deadline_timer aes xsave avx lahf_lm epb tpr_shadow vnmi flexpriority ept vpid xsaveopt dtherm ida arat pln pts
bugs		:
bogomips	: 4585.23
clflush size	: 64
cache_alignment	: 64
address sizes	: 36 bits physical, 48 bits virtual
power management:

processor	: 2
vendor_id	: GenuineIntel
cpu family	: 6
model		: 42
model name	: Intel(R) Core(TM) i5-2410M CPU @ 2.30GHz
stepping	: 7
microcode	: 0x28
cpu MHz		: 1599.937
cache size	: 3072 KB
physical id	: 0
siblings	: 4
core id		: 1
cpu cores	: 2
apicid		: 2
initial apicid	: 2
fpu		: yes
fpu_exception	: yes
cpuid level	: 13
wp		: yes
flags		: fpu vme de pse tsc msr pae mce cx8 apic sep mtrr pge mca cmov pat pse36 clflush dts acpi mmx fxsr sse sse2 ss ht tm pbe syscall nx rdtscp lm constant_tsc arch_perfmon pebs bts nopl xtopology nonstop_tsc aperfmperf eagerfpu pni pclmulqdq dtes64 monitor ds_cpl vmx est tm2 ssse3 cx16 xtpr pdcm pcid sse4_1 sse4_2 x2apic popcnt tsc_deadline_timer aes xsave avx lahf_lm epb tpr_shadow vnmi flexpriority ept vpid xsaveopt dtherm ida arat pln pts
bugs		:
bogomips	: 4585.23
clflush size	: 64
cache_alignment	: 64
address sizes	: 36 bits physical, 48 bits virtual
power management:

processor	: 3
vendor_id	: GenuineIntel
cpu family	: 6
model		: 42
model name	: Intel(R) Core(TM) i5-2410M CPU @ 2.30GHz
stepping	: 7
microcode	: 0x28
cpu MHz		: 1599.937
cache size	: 3072 KB
physical id	: 0
siblings	: 4
core id		: 1
cpu cores	: 2
apicid		: 3
initial apicid	: 3
fpu		: yes
fpu_exception	: yes
cpuid level	: 13
wp		: yes
flags		: fpu vme de pse tsc msr pae mce cx8 apic sep mtrr pge mca cmov pat pse36 clflush dts acpi mmx fxsr sse sse2 ss ht tm pbe syscall nx rdtscp lm constant_tsc arch_perfmon pebs bts nopl xtopology nonstop_tsc aperfmperf eagerfpu pni pclmulqdq dtes64 monitor ds_cpl vmx est tm2 ssse3 cx16 xtpr pdcm pcid sse4_1 sse4_2 x2apic popcnt tsc_deadline_timer aes xsave avx lahf_lm epb tpr_shadow vnmi flexpriority ept vpid xsaveopt dtherm ida arat pln pts
bugs		:
bogomips	: 4585.23
clflush size	: 64
cache_alignment	: 64
address sizes	: 36 bits physical, 48 bits virtual
power management:



Memory: 4k page, physical 8054848k(115272k free), swap 8267772k(52k free)

vm_info: Java HotSpot(TM) 64-Bit Server VM (25.131-b11) for linux-amd64 JRE (1.8.0_131-b11), built on Mar 15 2017 01:23:40 by "java_re" with gcc 4.3.0 20080428 (Red Hat 4.3.0-8)

time: Sat May 20 20:24:08 2017
elapsed time: 8 seconds (0d 0h 0m 8s)

